Backend/Prod/sullivan/agent/personalities/sullivan_weirdo.py:60: error: Need type annotation for "CATCHPHRASES" (hint: "CATCHPHRASES: list[<type>] = ...")  [var-annotated]
Backend/Prod/sullivan/identity.py:315: note: By default the bodies of untyped functions are not checked, consider using --check-untyped-defs  [annotation-unchecked]
Backend/Prod/sullivan/identity.py:316: note: By default the bodies of untyped functions are not checked, consider using --check-untyped-defs  [annotation-unchecked]
Backend/Prod/sullivan/identity.py:317: note: By default the bodies of untyped functions are not checked, consider using --check-untyped-defs  [annotation-unchecked]
Backend/Prod/sullivan/agent/personalities/__init__.py:88: error: Incompatible return value type (got "type[PersonalityBase]", expected "PersonalityBase")  [return-value]
Backend/Prod/sullivan/planner/screen_planner.py:27: error: Need type annotation for "endpoint_groups" (hint: "endpoint_groups: dict[<type>, <type>] = ...")  [var-annotated]
Backend/Prod/sullivan/agent/component_inference.py:129: error: Incompatible default for argument "library" (default has type "None", argument has type "dict[Any, Any]")  [assignment]
Backend/Prod/sullivan/agent/component_inference.py:129: note: PEP 484 prohibits implicit Optional. Accordingly, mypy has changed its default to no_implicit_optional=True
Backend/Prod/sullivan/agent/component_inference.py:129: note: Use https://github.com/hauntsaninja/no_implicit_optional to automatically upgrade your codebase
Backend/Prod/sullivan/agent/component_inference.py:169: error: Unsupported left operand type for + ("Sequence[str]")  [operator]
Backend/Prod/sullivan/agent/component_inference.py:204: error: Incompatible default for argument "endpoints" (default has type "None", argument has type "list[dict[Any, Any]]")  [assignment]
Backend/Prod/sullivan/agent/component_inference.py:204: note: PEP 484 prohibits implicit Optional. Accordingly, mypy has changed its default to no_implicit_optional=True
Backend/Prod/sullivan/agent/component_inference.py:204: note: Use https://github.com/hauntsaninja/no_implicit_optional to automatically upgrade your codebase
Backend/Prod/sullivan/agent/component_inference.py:205: error: Incompatible default for argument "library" (default has type "None", argument has type "dict[Any, Any]")  [assignment]
Backend/Prod/sullivan/agent/component_inference.py:205: note: PEP 484 prohibits implicit Optional. Accordingly, mypy has changed its default to no_implicit_optional=True
Backend/Prod/sullivan/agent/component_inference.py:205: note: Use https://github.com/hauntsaninja/no_implicit_optional to automatically upgrade your codebase
Backend/Prod/sullivan/agent/code_review_agent.py:27: error: Name "RULE_TEMPLATES" already defined (possibly by an import)  [no-redef]
Backend/Prod/sullivan/agent/code_review_agent.py:27: error: Name "AetherFlowMode" already defined (possibly by an import)  [no-redef]
Backend/Prod/sullivan/agent/code_review_agent.py:27: error: Name "ImplementationPlan" already defined (possibly by an import)  [no-redef]
Backend/Prod/sullivan/agent/code_review_agent.py:27: error: Name "ReviewReport" already defined (possibly by an import)  [no-redef]
Backend/Prod/sullivan/agent/code_review_agent.py:27: error: Name "RuleViolation" already defined (possibly by an import)  [no-redef]
Backend/Prod/sullivan/agent/code_review_agent.py:27: error: Name "ValidationResult" already defined (possibly by an import)  [no-redef]
Backend/Prod/sullivan/agent/code_review_agent.py:27: error: Name "ValidationRules" already defined (possibly by an import)  [no-redef]
Backend/Prod/models/frontend_router.py:100: error: Unsupported operand types for > ("datetime" and "None")  [operator]
Backend/Prod/models/frontend_router.py:100: note: Right operand is of type "datetime | None"
Backend/Prod/core/surgical_editor.py:118: error: Argument "line_end" to "ASTNodeInfo" has incompatible type "int | None"; expected "int"  [arg-type]
Backend/Prod/core/surgical_editor.py:134: error: Argument "line_end" to "ASTNodeInfo" has incompatible type "int | None"; expected "int"  [arg-type]
Backend/Prod/core/surgical_editor.py:152: error: Argument "line_end" to "ASTNodeInfo" has incompatible type "int | None"; expected "int"  [arg-type]
Backend/Prod/core/surgical_editor.py:264: error: Incompatible types in assignment (expression has type "Match[str] | None", variable has type "MatchObj | None")  [assignment]
Backend/Prod/core/surgical_editor.py:269: error: Incompatible types in assignment (expression has type "Match[str] | None", variable has type "MatchObj | None")  [assignment]
Backend/Prod/core/surgical_editor.py:533: error: Argument 1 to "walk" has incompatible type Module | None; expected "AST"  [arg-type]
Backend/Prod/core/surgical_editor.py:583: error: Item "None" of Module | None has no attribute "body"  [union-attr]
Backend/Prod/core/surgical_editor.py:589: error: Item "None" of Module | None has no attribute "body"  [union-attr]
Backend/Prod/core/surgical_editor.py:598: error: Item "None" of Module | None has no attribute "body"  [union-attr]
Backend/Prod/core/surgical_editor.py:616: error: Item "None" of Module | None has no attribute "body"  [union-attr]
Backend/Prod/core/surgical_editor.py:617: error: Item "None" of Module | None has no attribute "body"  [union-attr]
Backend/Prod/core/surgical_editor.py:639: error: Item "None" of Module | None has no attribute "body"  [union-attr]
Backend/Prod/core/surgical_editor.py:642: error: Item "None" of Module | None has no attribute "body"  [union-attr]
Backend/Prod/core/surgical_editor.py:643: error: Item "None" of Module | None has no attribute "body"  [union-attr]
Backend/Prod/core/surgical_editor.py:647: error: Item "None" of Module | None has no attribute "body"  [union-attr]
Backend/Prod/core/surgical_editor.py:650: error: Item "None" of Module | None has no attribute "body"  [union-attr]
Backend/Prod/core/surgical_editor.py:667: error: Item "None" of Module | None has no attribute "body"  [union-attr]
Backend/Prod/core/surgical_editor.py:668: error: Item "None" of Module | None has no attribute "body"  [union-attr]
Backend/Prod/core/surgical_editor.py:675: error: Item "None" of Module | None has no attribute "body"  [union-attr]
Backend/Prod/core/surgical_editor.py:693: error: Argument 1 to "walk" has incompatible type Module | None; expected "AST"  [arg-type]
Backend/Prod/core/surgical_editor.py:868: error: Item "None" of "SurgicalApplier | None" has no attribute "apply_operations"  [union-attr]
Backend/Prod/core/mode_monitor.py:190: error: Need type annotation for "daily"  [var-annotated]
Backend/Prod/core/mode_monitor.py:198: error: Incompatible types in assignment (expression has type "float", target has type "int")  [assignment]
Backend/Prod/core/mode_monitor.py:199: error: Incompatible types in assignment (expression has type "float", target has type "int")  [assignment]
Backend/Prod/core/mode_monitor.py:219: error: Need type annotation for "by_mode"  [var-annotated]
Backend/Prod/core/error_survey.py:127: error: Incompatible types in assignment (expression has type "dict[str, Any]", target has type "str | None")  [assignment]
Backend/Prod/core/cost_tracker.py:66: note: By default the bodies of untyped functions are not checked, consider using --check-untyped-defs  [annotation-unchecked]
Backend/Prod/core/cost_tracker.py:67: note: By default the bodies of untyped functions are not checked, consider using --check-untyped-defs  [annotation-unchecked]
Backend/Prod/core/cost_tracker.py:68: note: By default the bodies of untyped functions are not checked, consider using --check-untyped-defs  [annotation-unchecked]
Backend/Prod/core/cost_tracker.py:160: error: Need type annotation for "costs"  [var-annotated]
Backend/Prod/core/cost_tracker.py:167: error: Need type annotation for "costs"  [var-annotated]
Backend/Prod/core/cost_tracker.py:188: error: Need type annotation for "daily"  [var-annotated]
Backend/Prod/core/cost_tracker.py:236: error: Need type annotation for "provider_stats"  [var-annotated]
Backend/Prod/core/cost_tracker.py:237: error: Need type annotation for "workflow_stats"  [var-annotated]
Backend/Prod/cache/prompt_cache.py:127: error: Incompatible return value type (got "tuple[str | None, str]", expected "tuple[str, str | None]")  [return-value]
Backend/Prod/cache/prompt_cache.py:133: error: Function "builtins.any" is not valid as a type  [valid-type]
Backend/Prod/cache/prompt_cache.py:133: note: Perhaps you meant "typing.Any" instead of "any"?
Backend/Prod/cache/prompt_cache.py:245: error: Function "builtins.any" is not valid as a type  [valid-type]
Backend/Prod/cache/prompt_cache.py:245: note: Perhaps you meant "typing.Any" instead of "any"?
Backend/Prod/sullivan/rag/integration.py:106: error: Incompatible return value type (got "None", expected "str")  [return-value]
Backend/Prod/sullivan/rag/integration.py:219: error: Incompatible types in assignment (expression has type "str", variable has type "dict[str, str]")  [assignment]
Backend/Prod/core/genome_features.py:117: error: Incompatible types in assignment (expression has type "int", target has type "list[str]")  [assignment]
Backend/Prod/core/genome_features.py:118: error: Incompatible types in assignment (expression has type "int", target has type "list[str]")  [assignment]
Backend/Prod/core/genome_features.py:122: error: Incompatible types in assignment (expression has type "int", target has type "list[str]")  [assignment]
Backend/Prod/core/genome_features.py:129: error: Incompatible types in assignment (expression has type "int", target has type "list[str]")  [assignment]
Backend/Prod/core/genome_features.py:130: error: Incompatible types in assignment (expression has type "int", target has type "list[str]")  [assignment]
Backend/Prod/core/genome_features.py:131: error: Incompatible types in assignment (expression has type "int", target has type "list[str]")  [assignment]
Backend/Prod/core/genome_features.py:324: error: Name "FeatureExtractor" already defined on line 79  [no-redef]
Backend/Prod/core/genome_features.py:419: error: Missing positional argument "intent_translator" in call to "FeatureExtractor"  [call-arg]
Backend/Prod/core/genome_features.py:424: error: "FeatureExtractor" has no attribute "extract_features"; maybe "_extract_path_features", "_extract_method_features", or "_extract_summary_features"?  [attr-defined]
Backend/Prod/core/genome_enricher.py:136: error: Name "BayesianInferenceEngine" already defined on line 6  [no-redef]
Backend/Prod/core/genome_enricher.py:144: error: Missing return statement  [empty-body]
Backend/Prod/core/genome_enricher.py:153: error: Missing return statement  [empty-body]
Backend/Prod/core/genome_enricher.py:158: error: Name "GenomeEnricher" already defined on line 27  [no-redef]
Backend/Prod/core/genome_enricher.py:174: error: "BayesianInferenceEngine" has no attribute "update"  [attr-defined]
Backend/Prod/core/genome_enricher.py:177: error: "BayesianInferenceEngine" has no attribute "infer"  [attr-defined]
Backend/Prod/core/genome_enricher.py:199: error: "BayesianInferenceEngine" has no attribute "update"  [attr-defined]
Backend/Prod/core/genome_enricher.py:202: error: "BayesianInferenceEngine" has no attribute "infer"  [attr-defined]
Backend/Prod/core/genome_enricher.py:221: error: "BayesianInferenceEngine" has no attribute "update"  [attr-defined]
Backend/Prod/core/genome_enricher.py:224: error: "BayesianInferenceEngine" has no attribute "infer"  [attr-defined]
Backend/Prod/core/genome_enricher.py:243: error: "BayesianInferenceEngine" has no attribute "update"  [attr-defined]
Backend/Prod/core/genome_enricher.py:246: error: "BayesianInferenceEngine" has no attribute "infer"  [attr-defined]
Backend/Prod/core/genome_enricher.py:279: error: Too many arguments for "GenomeEnricher"  [call-arg]
Backend/Prod/core/genome_enricher.py:282: error: Dict entry 0 has incompatible type "str": "str"; expected "str": "dict[str, float]"  [dict-item]
Backend/Prod/core/genome_enricher.py:288: error: Dict entry 0 has incompatible type "str": "str"; expected "str": "list[int]"  [dict-item]
Backend/Prod/core/genome_enricher.py:289: error: Too many arguments for "enrich_x_ui_hint" of "GenomeEnricher"  [call-arg]
Backend/Prod/core/genome_enricher.py:294: error: Dict entry 0 has incompatible type "str": "str"; expected "str": "dict[str, float]"  [dict-item]
Backend/Prod/core/genome_enricher.py:295: error: Too many arguments for "enrich_schema_definitions" of "GenomeEnricher"  [call-arg]
Backend/Prod/core/genome_enricher.py:300: error: Dict entry 0 has incompatible type "str": "str"; expected "str": "dict[str, float]"  [dict-item]
Backend/Prod/core/genome_enricher.py:301: error: Too many arguments for "enrich_metadata" of "GenomeEnricher"  [call-arg]
Backend/Prod/core/bayesian_inference.py:13: error: Missing return statement  [return]
Backend/Prod/core/bayesian_inference.py:24: error: Need type annotation for "semantic_features" (hint: "semantic_features: dict[<type>, <type>] = ...")  [var-annotated]
Backend/Prod/core/bayesian_inference.py:71: error: Name "IntentTranslator" already defined on line 7  [no-redef]
Backend/Prod/core/bayesian_inference.py:105: error: "IntentTranslator" has no attribute "translate"  [attr-defined]
Backend/Prod/models/execution_router.py:92: error: Incompatible types in assignment (expression has type "str", target has type "None")  [assignment]
Backend/Prod/models/execution_router.py:94: error: Incompatible types in assignment (expression has type "str", target has type "None")  [assignment]
Backend/Prod/models/execution_router.py:97: error: Incompatible types in assignment (expression has type "str", target has type "None")  [assignment]
Backend/Prod/models/execution_router.py:101: error: Incompatible types in assignment (expression has type "str", target has type "None")  [assignment]
Backend/Prod/models/execution_router.py:103: error: Incompatible types in assignment (expression has type "str", target has type "None")  [assignment]
Backend/Prod/models/execution_router.py:105: error: Incompatible types in assignment (expression has type "str", target has type "None")  [assignment]
Backend/Prod/models/execution_router.py:107: error: Incompatible return value type (got "dict[str, None]", expected "dict[str, str]")  [return-value]
Backend/Prod/models/execution_router.py:141: error: Incompatible return value type (got "dict[str, str | None]", expected "dict[str, str]")  [return-value]
Backend/Prod/models/execution_router.py:161: error: Incompatible return value type (got "dict[str, str | None]", expected "dict[str, str]")  [return-value]
Backend/Prod/core/mode_tracking_report.py:236: error: Unsupported target for indexed assignment ("Collection[str]")  [index]
Backend/Prod/core/mode_tracking_report.py:248: error: "Collection[str]" has no attribute "append"  [attr-defined]
Backend/Prod/sullivan/intent_translator.py:21: error: Name "EmbeddingModelSingleton" already defined (possibly by an import)  [no-redef]
Backend/Prod/tests/test_registry.py:73: error: Name "ComponentRegistry" already defined on line 2  [no-redef]
Backend/Prod/tests/test_registry.py:104: error: Name "ComponentGenerator" already defined on line 21  [no-redef]
Backend/Prod/tests/test_registry.py:130: error: Name "IntentTranslator" already defined on line 31  [no-redef]
Backend/Prod/tests/test_registry.py:165: error: Name "ComponentGenerator" already defined on line 21  [no-redef]
Backend/Prod/tests/test_registry.py:165: error: Name "ComponentRegistry" already defined on line 2  [no-redef]
Backend/Prod/tests/test_registry.py:165: error: Name "IntentTranslator" already defined on line 31  [no-redef]
Backend/Prod/tests/test_registry.py:168: error: Name "component_registry" already defined on line 76  [no-redef]
Backend/Prod/tests/test_registry.py:173: error: Name "component_generator" already defined on line 107  [no-redef]
Backend/Prod/tests/test_registry.py:178: error: Name "intent_translator" already defined on line 133  [no-redef]
Backend/Prod/tests/test_registry.py:184: error: Name "ComponentRegistry" already defined on line 2  [no-redef]
Backend/Prod/tests/test_registry.py:196: error: Name "ComponentGenerator" already defined on line 21  [no-redef]
Backend/Prod/tests/test_registry.py:202: error: Name "IntentTranslator" already defined on line 31  [no-redef]
Backend/Prod/tests/test_intent_translator.py:73: error: Name "ComponentRegistry" already defined on line 2  [no-redef]
Backend/Prod/tests/test_intent_translator.py:104: error: Name "ComponentGenerator" already defined on line 21  [no-redef]
Backend/Prod/tests/test_intent_translator.py:130: error: Name "IntentTranslator" already defined on line 31  [no-redef]
Backend/Prod/tests/test_intent_translator.py:165: error: Name "ComponentGenerator" already defined on line 21  [no-redef]
Backend/Prod/tests/test_intent_translator.py:165: error: Name "ComponentRegistry" already defined on line 2  [no-redef]
Backend/Prod/tests/test_intent_translator.py:165: error: Name "IntentTranslator" already defined on line 31  [no-redef]
Backend/Prod/tests/test_intent_translator.py:168: error: Name "component_registry" already defined on line 76  [no-redef]
Backend/Prod/tests/test_intent_translator.py:173: error: Name "component_generator" already defined on line 107  [no-redef]
Backend/Prod/tests/test_intent_translator.py:178: error: Name "intent_translator" already defined on line 133  [no-redef]
Backend/Prod/tests/test_intent_translator.py:184: error: Name "ComponentRegistry" already defined on line 2  [no-redef]
Backend/Prod/tests/test_intent_translator.py:196: error: Name "ComponentGenerator" already defined on line 21  [no-redef]
Backend/Prod/tests/test_intent_translator.py:202: error: Name "IntentTranslator" already defined on line 31  [no-redef]
Backend/Prod/tests/test_component_generator.py:73: error: Name "ComponentRegistry" already defined on line 2  [no-redef]
Backend/Prod/tests/test_component_generator.py:104: error: Name "ComponentGenerator" already defined on line 21  [no-redef]
Backend/Prod/tests/test_component_generator.py:130: error: Name "IntentTranslator" already defined on line 31  [no-redef]
Backend/Prod/tests/test_component_generator.py:165: error: Name "ComponentGenerator" already defined on line 21  [no-redef]
Backend/Prod/tests/test_component_generator.py:165: error: Name "ComponentRegistry" already defined on line 2  [no-redef]
Backend/Prod/tests/test_component_generator.py:165: error: Name "IntentTranslator" already defined on line 31  [no-redef]
Backend/Prod/tests/test_component_generator.py:168: error: Name "component_registry" already defined on line 76  [no-redef]
Backend/Prod/tests/test_component_generator.py:173: error: Name "component_generator" already defined on line 107  [no-redef]
Backend/Prod/tests/test_component_generator.py:178: error: Name "intent_translator" already defined on line 133  [no-redef]
Backend/Prod/tests/test_component_generator.py:184: error: Name "ComponentRegistry" already defined on line 2  [no-redef]
Backend/Prod/tests/test_component_generator.py:196: error: Name "ComponentGenerator" already defined on line 21  [no-redef]
Backend/Prod/tests/test_component_generator.py:202: error: Name "IntentTranslator" already defined on line 31  [no-redef]
Backend/Prod/sullivan/recommender/contextual_recommender.py:49: error: Incompatible types in assignment (expression has type "None", variable has type "IntentTranslator")  [assignment]
Backend/Prod/sullivan/recommender/contextual_recommender.py:51: error: Incompatible types in assignment (expression has type "object", variable has type "IntentTranslator")  [assignment]
Backend/Prod/sullivan/recommender/contextual_recommender.py:195: error: "Component" has no attribute "html"  [attr-defined]
Backend/Prod/sullivan/studio_routes_ir_genome.py:40: error: "None" not callable  [misc]
Backend/Prod/sullivan/studio_routes_ir_genome.py:91: error: "None" not callable  [misc]
Backend/Prod/sullivan/studio_routes_ir_genome.py:94: error: "None" not callable  [misc]
Backend/Prod/sullivan/studio_routes_ir_genome.py:107: error: "None" not callable  [misc]
Backend/Prod/sullivan/studio_routes_ir_genome.py:152: error: "None" not callable  [misc]
Backend/Prod/sullivan/studio_routes_ir_genome.py:156: error: "None" not callable  [misc]
Backend/Prod/sullivan/studio_routes_ir_genome.py:192: error: "None" not callable  [misc]
Backend/Prod/sullivan/builder/sullivan_builder.py:275: error: Incompatible types in assignment (expression has type "logging.Logger", variable has type "loguru.Logger")  [assignment]
Backend/Prod/sullivan/builder/sullivan_builder.py:667: error: Incompatible types in assignment (expression has type "logging.Logger", variable has type "loguru.Logger")  [assignment]
Backend/Prod/sullivan/builder/sullivan_builder.py:688: error: Need type annotation for "endpoint_groups" (hint: "endpoint_groups: dict[<type>, <type>] = ...")  [var-annotated]
Backend/Prod/sullivan/builder/sullivan_builder.py:778: error: Incompatible types in assignment (expression has type "logging.Logger", variable has type "loguru.Logger")  [assignment]
Backend/Prod/sullivan/builder/corps1_chatbot_page.py:18: error: Function "fastapi.param_functions.Path" is not valid as a type  [valid-type]
Backend/Prod/sullivan/builder/corps1_chatbot_page.py:18: note: Perhaps you need "Callable[...]" or a callback protocol?
Backend/Prod/sullivan/builder/corps1_chatbot_page.py:58: error: Function "fastapi.param_functions.Path" is not valid as a type  [valid-type]
Backend/Prod/sullivan/builder/corps1_chatbot_page.py:58: note: Perhaps you need "Callable[...]" or a callback protocol?
Backend/Prod/sullivan/builder/corps1_chatbot_page.py:136: error: Function "fastapi.param_functions.Path" is not valid as a type  [valid-type]
Backend/Prod/sullivan/builder/corps1_chatbot_page.py:136: note: Perhaps you need "Callable[...]" or a callback protocol?
Backend/Prod/sullivan/builder/corps1_chatbot_page.py:162: error: Library stubs not installed for "requests"  [import-untyped]
Backend/Prod/sullivan/builder/corps1_chatbot_page.py:162: note: Hint: "python3 -m pip install types-requests"
Backend/Prod/sullivan/builder/corps1_chatbot_page.py:162: note: (or run "mypy --install-types" to install all missing stub packages)
Backend/Prod/sullivan/builder/corps1_chatbot_page.py:162: note: See https://mypy.readthedocs.io/en/stable/running_mypy.html#missing-imports
Backend/Prod/sullivan/builder/corps1_chatbot_page.py:210: error: Item "None" of "str | None" has no attribute "split"  [union-attr]
Backend/Prod/sullivan/builder/corps1_chatbot_page.py:228: error: Argument 3 to "generate_questions" has incompatible type "dict[Any, Any] | None"; expected "dict[Any, Any]"  [arg-type]
Backend/Prod/sullivan/analyzer/design_principles_extractor.py:31: error: Name "AgentRouter" is not defined  [name-defined]
Backend/Prod/sullivan/analyzer/design_principles_extractor.py:31: error: Name "GeminiClient" is not defined  [name-defined]
Backend/Prod/network/connection_pool.py:40: note: By default the bodies of untyped functions are not checked, consider using --check-untyped-defs  [annotation-unchecked]
Backend/Prod/network/connection_pool.py:42: note: By default the bodies of untyped functions are not checked, consider using --check-untyped-defs  [annotation-unchecked]
Backend/Prod/network/connection_pool.py:145: error: Function "builtins.any" is not valid as a type  [valid-type]
Backend/Prod/network/connection_pool.py:145: note: Perhaps you meant "typing.Any" instead of "any"?
Backend/Prod/models/claude_client.py:90: error: Signature of "generate" incompatible with supertype "Backend.Prod.models.base_client.BaseLLMClient"  [override]
Backend/Prod/models/claude_client.py:90: note:      Superclass:
Backend/Prod/models/claude_client.py:90: note:          def generate(self, prompt: str, context: str | None = ..., max_tokens: int | None = ..., temperature: float | None = ..., cache_params: dict[str, Any] | None = ..., output_constraint: str | None = ...) -> Coroutine[Any, Any, GenerationResult]
Backend/Prod/models/claude_client.py:90: note:      Subclass:
Backend/Prod/models/claude_client.py:90: note:          def generate(self, prompt: str, context: str | None = ..., max_tokens: int | None = ..., temperature: float | None = ..., system_prompt: str | None = ..., cache_params: dict[str, Any] | None = ..., output_constraint: str | None = ...) -> Coroutine[Any, Any, GenerationResult]
Backend/Prod/sullivan/generator/design_to_html.py:107: error: Incompatible types in assignment (expression has type "logging.Logger", variable has type "loguru.Logger")  [assignment]
Backend/Prod/sullivan/generator/design_to_html.py:160: error: Argument "context" to "generate" of "GeminiClient" has incompatible type "dict[Never, Never]"; expected "str | None"  [arg-type]
Backend/Prod/sullivan/generator/design_to_html.py:163: error: Argument 1 to "_extract_html" of "Generator" has incompatible type "GenerationResult"; expected "str"  [arg-type]
Backend/Prod/sullivan/generator/design_to_html.py:171: error: Missing return statement  [empty-body]
Backend/Prod/sullivan/chatbot/sullivan_chatbot.py:70: error: Incompatible return value type (got "Coroutine[Any, Any, GenerationResult]", expected "str")  [return-value]
Backend/Prod/sullivan/auditor/sullivan_auditor.py:70: error: Incompatible types in assignment (expression has type "None", variable has type "Callable[[Path, int, int], tuple[bytes, str]]")  [assignment]
Backend/Prod/sullivan/auditor/sullivan_auditor.py:71: error: Incompatible types in assignment (expression has type "None", variable has type "Callable[[bytes, int, int], tuple[bytes, str]]")  [assignment]
Backend/Prod/sullivan/auditor/sullivan_auditor.py:77: error: Function "preprocess_for_gemini" could always be true in boolean context  [truthy-function]
Backend/Prod/sullivan/auditor/sullivan_auditor.py:82: error: Function "preprocess_bytes_for_gemini" could always be true in boolean context  [truthy-function]
Backend/Prod/planners/gemini_planner.py:85: error: Incompatible return value type (got "tuple[str, str]", expected "str")  [return-value]
Backend/Prod/planners/gemini_planner.py:104: error: Unpacking a string is disallowed  [misc]
Backend/Prod/planners/gemini_planner.py:107: error: Cannot determine type of "system_prompt"  [has-type]
Backend/Prod/planners/gemini_planner.py:107: error: Cannot determine type of "user_prompt"  [has-type]
Backend/Prod/planners/deepseek_planner.py:85: error: Incompatible return value type (got "tuple[str, str]", expected "str")  [return-value]
Backend/Prod/planners/deepseek_planner.py:104: error: Unpacking a string is disallowed  [misc]
Backend/Prod/planners/deepseek_planner.py:107: error: Cannot determine type of "system_prompt"  [has-type]
Backend/Prod/planners/deepseek_planner.py:107: error: Cannot determine type of "user_prompt"  [has-type]
Backend/Prod/models/metrics.py:159: error: Unsupported left operand type for - ("None")  [operator]
Backend/Prod/models/metrics.py:159: note: Left operand is of type "datetime | None"
Backend/Prod/models/metrics.py:186: error: Item "None" of "datetime | None" has no attribute "isoformat"  [union-attr]
Backend/Prod/models/agent_router.py:667: error: Incompatible types in assignment (expression has type "dict[str, Any]", target has type "Sequence[str]")  [assignment]
Backend/Prod/planners/claude_planner.py:85: error: Incompatible return value type (got "tuple[str, str]", expected "str")  [return-value]
Backend/Prod/planners/claude_planner.py:104: error: Unpacking a string is disallowed  [misc]
Backend/Prod/planners/claude_planner.py:108: error: Cannot determine type of "user_prompt"  [has-type]
Backend/Prod/planners/claude_planner.py:109: error: Cannot determine type of "system_prompt"  [has-type]
Backend/Prod/sullivan/refinement.py:151: error: Incompatible types in assignment (expression has type "logging.Logger", variable has type "loguru.Logger")  [assignment]
Backend/Prod/sullivan/refinement.py:204: error: Argument "context" to "generate" of "GeminiClient" has incompatible type "dict[Never, Never]"; expected "str | None"  [arg-type]
Backend/Prod/sullivan/refinement.py:207: error: Argument 1 to "_extract_html" of "Generator" has incompatible type "GenerationResult"; expected "str"  [arg-type]
Backend/Prod/sullivan/refinement.py:215: error: Missing return statement  [empty-body]
Backend/Prod/cli_generate.py:71: error: "AgentRouter" has no attribute "generate"  [attr-defined]
Backend/Prod/sullivan/modes/plan_builder.py:628: error: "AgentRouter" has no attribute "route_and_generate"  [attr-defined]
Backend/Prod/planners/planner_manager.py:137: error: Incompatible return value type (got "None", expected "dict[str, Any]")  [return-value]
Backend/Prod/sullivan/analyzer/ui_inference_engine.py:53: error: Incompatible types in assignment (expression has type "None", variable has type "IntentTranslator")  [assignment]
Backend/Prod/sullivan/analyzer/ui_inference_engine.py:55: error: Incompatible types in assignment (expression has type "object", variable has type "IntentTranslator")  [assignment]
Backend/Prod/sullivan/analyzer/ui_inference_engine.py:122: error: Argument 1 to "len" has incompatible type "object"; expected "Sized"  [arg-type]
Backend/Prod/sullivan/modes/dev_mode.py:103: error: Need type annotation for "frontend_structure" (hint: "frontend_structure: dict[<type>, <type>] = ...")  [var-annotated]
Backend/Prod/sullivan/modes/dev_mode.py:107: error: Incompatible types in assignment (expression has type "dict[str, Any]", variable has type "list[dict[str, Any]]")  [assignment]
Backend/Prod/sullivan/modes/dev_mode.py:108: error: Argument 1 to "infer_organes_from_corps" of "UIInferenceEngine" has incompatible type "list[dict[str, Any]]"; expected "dict[str, Any]"  [arg-type]
Backend/Prod/sullivan/modes/dev_mode.py:109: error: "list[dict[str, Any]]" has no attribute "get"  [attr-defined]
Backend/Prod/sullivan/modes/dev_mode.py:113: error: "list[dict[str, Any]]" has no attribute "get"  [attr-defined]
Backend/Prod/sullivan/modes/dev_mode.py:117: error: "list[dict[str, Any]]" has no attribute "get"  [attr-defined]
Backend/Prod/sullivan/modes/designer_mode.py:243: error: Need type annotation for "frontend_structure" (hint: "frontend_structure: dict[<type>, <type>] = ...")  [var-annotated]
Backend/Prod/sullivan/modes/designer_mode.py:256: error: Argument 1 to "_find_matching_section" of "DesignerMode" has incompatible type "Any | None"; expected "str"  [arg-type]
Backend/Prod/sullivan/studio_routes.py:49: note: By default the bodies of untyped functions are not checked, consider using --check-untyped-defs  [annotation-unchecked]
Backend/Prod/sullivan/studio_routes.py:50: note: By default the bodies of untyped functions are not checked, consider using --check-untyped-defs  [annotation-unchecked]
Backend/Prod/sullivan/studio_routes.py:51: note: By default the bodies of untyped functions are not checked, consider using --check-untyped-defs  [annotation-unchecked]
Backend/Prod/sullivan/studio_routes.py:52: note: By default the bodies of untyped functions are not checked, consider using --check-untyped-defs  [annotation-unchecked]
Backend/Prod/sullivan/studio_routes.py:53: note: By default the bodies of untyped functions are not checked, consider using --check-untyped-defs  [annotation-unchecked]
Backend/Prod/sullivan/studio_routes.py:54: note: By default the bodies of untyped functions are not checked, consider using --check-untyped-defs  [annotation-unchecked]
Backend/Prod/sullivan/studio_routes.py:55: note: By default the bodies of untyped functions are not checked, consider using --check-untyped-defs  [annotation-unchecked]
Backend/Prod/sullivan/studio_routes.py:1511: error: Need type annotation for "inferred_components" (hint: "inferred_components: list[<type>] = ...")  [var-annotated]
Backend/Prod/sullivan/studio_routes.py:1642: error: Need type annotation for "by_category"  [var-annotated]
Backend/Prod/rag/pageindex_store.py:38: error: Invalid base class  [misc]
Backend/Prod/rag/pageindex_store.py:161: error: Incompatible types in assignment (expression has type "BaseIndex[Any]", variable has type "None")  [assignment]
Backend/Prod/rag/pageindex_store.py:175: error: Incompatible types in assignment (expression has type "BaseIndex[Any]", variable has type "None")  [assignment]
Backend/Prod/rag/pageindex_store.py:393: error: Need type annotation for "doc_types" (hint: "doc_types: dict[<type>, <type>] = ...")  [var-annotated]
Backend/Prod/orchestrator.py:110: error: Incompatible types in assignment (expression has type "None", variable has type "PageIndexRetriever")  [assignment]
Backend/Prod/orchestrator.py:112: error: Incompatible types in assignment (expression has type "None", variable has type "PageIndexRetriever")  [assignment]
Backend/Prod/orchestrator.py:324: error: Item "None" of "MetricsCollector | None" has no attribute "record_step_result"  [union-attr]
Backend/Prod/orchestrator.py:327: error: Item "None" of "ExecutionMonitor | None" has no attribute "complete_step"  [union-attr]
Backend/Prod/orchestrator.py:330: error: Item "BaseException" of "StepResult | BaseException" has no attribute "success"  [union-attr]
Backend/Prod/orchestrator.py:333: error: Item "BaseException" of "StepResult | BaseException" has no attribute "error"  [union-attr]
Backend/Prod/orchestrator.py:377: error: Item "None" of "ExecutionMonitor | None" has no attribute "start_step"  [union-attr]
Backend/Prod/orchestrator.py:378: error: Item "None" of "ExecutionMonitor | None" has no attribute "update_step_progress"  [union-attr]
Backend/Prod/orchestrator.py:410: error: Item "None" of "MetricsCollector | None" has no attribute "record_step_result"  [union-attr]
Backend/Prod/orchestrator.py:413: error: Item "None" of "ExecutionMonitor | None" has no attribute "complete_step"  [union-attr]
Backend/Prod/orchestrator.py:433: error: Item "None" of "MetricsCollector | None" has no attribute "record_step_result"  [union-attr]
Backend/Prod/orchestrator.py:447: error: Item "None" of "ExecutionMonitor | None" has no attribute "complete_step"  [union-attr]
Backend/Prod/orchestrator.py:460: error: Need type annotation for "files_content" (hint: "files_content: dict[<type>, <type>] = ...")  [var-annotated]
Backend/Prod/orchestrator.py:500: error: Incompatible types in assignment (expression has type "None", target has type "str")  [assignment]
Backend/Prod/orchestrator.py:506: error: Incompatible types in assignment (expression has type "None", target has type "str")  [assignment]
Backend/Prod/orchestrator.py:548: error: Incompatible types in assignment (expression has type "None", target has type "str")  [assignment]
Backend/Prod/orchestrator.py:551: error: Incompatible types in assignment (expression has type "None", target has type "str")  [assignment]
Backend/Prod/orchestrator.py:554: error: Incompatible types in assignment (expression has type "None", target has type "str")  [assignment]
Backend/Prod/orchestrator.py:558: error: Incompatible types in assignment (expression has type "None", target has type "str")  [assignment]
Backend/Prod/orchestrator.py:563: error: Incompatible return value type (got "dict[Any, str]", expected "dict[str, str | None]")  [return-value]
Backend/Prod/orchestrator.py:563: note: Perhaps you need a type annotation for "files_content"? Suggestion: "dict[str, str | None]"
Backend/Prod/workflows/proto.py:271: error: Need type annotation for "validation_steps" (hint: "validation_steps: list[<type>] = ...")  [var-annotated]
Backend/Prod/workflows/prod.py:427: error: Need type annotation for "validation_steps" (hint: "validation_steps: list[<type>] = ...")  [var-annotated]
Backend/Prod/tui/app.py:90: note: By default the bodies of untyped functions are not checked, consider using --check-untyped-defs  [annotation-unchecked]
Backend/Prod/tui/app.py:91: note: By default the bodies of untyped functions are not checked, consider using --check-untyped-defs  [annotation-unchecked]
Backend/Prod/tui/app.py:92: note: By default the bodies of untyped functions are not checked, consider using --check-untyped-defs  [annotation-unchecked]
Backend/Prod/tui/app.py:93: note: By default the bodies of untyped functions are not checked, consider using --check-untyped-defs  [annotation-unchecked]
Backend/Prod/tui/app.py:94: note: By default the bodies of untyped functions are not checked, consider using --check-untyped-defs  [annotation-unchecked]
Backend/Prod/tui/app.py:95: note: By default the bodies of untyped functions are not checked, consider using --check-untyped-defs  [annotation-unchecked]
Backend/Prod/tui/app.py:96: note: By default the bodies of untyped functions are not checked, consider using --check-untyped-defs  [annotation-unchecked]
Backend/Prod/tui/app.py:97: note: By default the bodies of untyped functions are not checked, consider using --check-untyped-defs  [annotation-unchecked]
Backend/Prod/tui/app.py:276: error: Need type annotation for "matches" (hint: "matches: dict[<type>, <type>] = ...")  [var-annotated]
Backend/Prod/tui/app.py:395: error: "AgentRouter" has no attribute "generate"  [attr-defined]
Backend/Prod/tui/app.py:452: error: Item "None" of "Path | None" has no attribute "name"  [union-attr]
Backend/Prod/tui/app.py:458: error: Incompatible types in assignment (expression has type "ProdWorkflow", variable has type "ProtoWorkflow")  [assignment]
Backend/Prod/tui/app.py:461: error: Argument "plan_path" to "execute" of "ProtoWorkflow" has incompatible type "Path | None"; expected "Path"  [arg-type]
Backend/Prod/sullivan/modes/cto_mode.py:30: error: Incompatible types in assignment (expression has type "None", variable has type "dict[str, Any]")  [assignment]
Backend/Prod/sullivan/generator/component_generator.py:267: error: Incompatible types in assignment (expression has type "ProdWorkflow", variable has type "ProtoWorkflow")  [assignment]
Backend/Prod/sullivan/agent/tools.py:93: note: By default the bodies of untyped functions are not checked, consider using --check-untyped-defs  [annotation-unchecked]
Backend/Prod/sullivan/agent/tools.py:781: error: Need type annotation for "current_design"  [var-annotated]
Backend/Prod/sullivan/agent/tools.py:851: error: Incompatible default for argument "path" (default has type "None", argument has type "str")  [assignment]
Backend/Prod/sullivan/agent/tools.py:851: note: PEP 484 prohibits implicit Optional. Accordingly, mypy has changed its default to no_implicit_optional=True
Backend/Prod/sullivan/agent/tools.py:851: note: Use https://github.com/hauntsaninja/no_implicit_optional to automatically upgrade your codebase
Backend/Prod/sullivan/agent/tools.py:852: error: Incompatible default for argument "doc_path" (default has type "None", argument has type "str")  [assignment]
Backend/Prod/sullivan/agent/tools.py:852: note: PEP 484 prohibits implicit Optional. Accordingly, mypy has changed its default to no_implicit_optional=True
Backend/Prod/sullivan/agent/tools.py:852: note: Use https://github.com/hauntsaninja/no_implicit_optional to automatically upgrade your codebase
Backend/Prod/sullivan/agent/tools.py:853: error: Incompatible default for argument "doc" (default has type "None", argument has type "str")  [assignment]
Backend/Prod/sullivan/agent/tools.py:853: note: PEP 484 prohibits implicit Optional. Accordingly, mypy has changed its default to no_implicit_optional=True
Backend/Prod/sullivan/agent/tools.py:853: note: Use https://github.com/hauntsaninja/no_implicit_optional to automatically upgrade your codebase
Backend/Prod/sullivan/agent/tools.py:854: error: Incompatible default for argument "file" (default has type "None", argument has type "str")  [assignment]
Backend/Prod/sullivan/agent/tools.py:854: note: PEP 484 prohibits implicit Optional. Accordingly, mypy has changed its default to no_implicit_optional=True
Backend/Prod/sullivan/agent/tools.py:854: note: Use https://github.com/hauntsaninja/no_implicit_optional to automatically upgrade your codebase
Backend/Prod/sullivan/agent/tools.py:855: error: Incompatible default for argument "file_path" (default has type "None", argument has type "str")  [assignment]
Backend/Prod/sullivan/agent/tools.py:855: note: PEP 484 prohibits implicit Optional. Accordingly, mypy has changed its default to no_implicit_optional=True
Backend/Prod/sullivan/agent/tools.py:855: note: Use https://github.com/hauntsaninja/no_implicit_optional to automatically upgrade your codebase
Backend/Prod/sullivan/agent/tools.py:869: error: Incompatible types in assignment (expression has type "Path", variable has type "str")  [assignment]
Backend/Prod/sullivan/agent/tools.py:880: error: "object" has no attribute "exists"  [attr-defined]
Backend/Prod/sullivan/agent/tools.py:887: error: "str" has no attribute "name"  [attr-defined]
Backend/Prod/sullivan/agent/tools.py:888: error: "str" has no attribute "name"  [attr-defined]
Backend/Prod/sullivan/agent/tools.py:892: error: "object" has no attribute "exists"  [attr-defined]
Backend/Prod/sullivan/agent/tools.py:900: error: "object" has no attribute "read_text"  [attr-defined]
Backend/Prod/sullivan/agent/tools.py:937: error: "object" has no attribute "name"  [attr-defined]
Backend/Prod/sullivan/agent/tools.py:954: error: Incompatible default for argument "path" (default has type "None", argument has type "str")  [assignment]
Backend/Prod/sullivan/agent/tools.py:954: note: PEP 484 prohibits implicit Optional. Accordingly, mypy has changed its default to no_implicit_optional=True
Backend/Prod/sullivan/agent/tools.py:954: note: Use https://github.com/hauntsaninja/no_implicit_optional to automatically upgrade your codebase
Backend/Prod/sullivan/agent/tools.py:955: error: Incompatible default for argument "target_path" (default has type "None", argument has type "str")  [assignment]
Backend/Prod/sullivan/agent/tools.py:955: note: PEP 484 prohibits implicit Optional. Accordingly, mypy has changed its default to no_implicit_optional=True
Backend/Prod/sullivan/agent/tools.py:955: note: Use https://github.com/hauntsaninja/no_implicit_optional to automatically upgrade your codebase
Backend/Prod/sullivan/agent/tools.py:957: error: Incompatible default for argument "depth" (default has type "None", argument has type "str")  [assignment]
Backend/Prod/sullivan/agent/tools.py:957: note: PEP 484 prohibits implicit Optional. Accordingly, mypy has changed its default to no_implicit_optional=True
Backend/Prod/sullivan/agent/tools.py:957: note: Use https://github.com/hauntsaninja/no_implicit_optional to automatically upgrade your codebase
Backend/Prod/sullivan/agent/tools.py:975: error: Need type annotation for "structure" (hint: "structure: dict[<type>, <type>] = ...")  [var-annotated]
Backend/Prod/sullivan/agent/tools.py:1126: error: Incompatible default for argument "brief" (default has type "None", argument has type "str")  [assignment]
Backend/Prod/sullivan/agent/tools.py:1126: note: PEP 484 prohibits implicit Optional. Accordingly, mypy has changed its default to no_implicit_optional=True
Backend/Prod/sullivan/agent/tools.py:1126: note: Use https://github.com/hauntsaninja/no_implicit_optional to automatically upgrade your codebase
Backend/Prod/sullivan/agent/tools.py:1127: error: Incompatible default for argument "document_path" (default has type "None", argument has type "str")  [assignment]
Backend/Prod/sullivan/agent/tools.py:1127: note: PEP 484 prohibits implicit Optional. Accordingly, mypy has changed its default to no_implicit_optional=True
Backend/Prod/sullivan/agent/tools.py:1127: note: Use https://github.com/hauntsaninja/no_implicit_optional to automatically upgrade your codebase
Backend/Prod/sullivan/agent/tools.py:1128: error: Incompatible default for argument "doc_path" (default has type "None", argument has type "str")  [assignment]
Backend/Prod/sullivan/agent/tools.py:1128: note: PEP 484 prohibits implicit Optional. Accordingly, mypy has changed its default to no_implicit_optional=True
Backend/Prod/sullivan/agent/tools.py:1128: note: Use https://github.com/hauntsaninja/no_implicit_optional to automatically upgrade your codebase
Backend/Prod/sullivan/agent/tools.py:1129: error: Incompatible default for argument "path" (default has type "None", argument has type "str")  [assignment]
Backend/Prod/sullivan/agent/tools.py:1129: note: PEP 484 prohibits implicit Optional. Accordingly, mypy has changed its default to no_implicit_optional=True
Backend/Prod/sullivan/agent/tools.py:1129: note: Use https://github.com/hauntsaninja/no_implicit_optional to automatically upgrade your codebase
Backend/Prod/sullivan/agent/tools.py:1211: error: Incompatible default for argument "plan_path" (default has type "None", argument has type "str")  [assignment]
Backend/Prod/sullivan/agent/tools.py:1211: note: PEP 484 prohibits implicit Optional. Accordingly, mypy has changed its default to no_implicit_optional=True
Backend/Prod/sullivan/agent/tools.py:1211: note: Use https://github.com/hauntsaninja/no_implicit_optional to automatically upgrade your codebase
Backend/Prod/sullivan/agent/tools.py:1212: error: Incompatible default for argument "plan_file" (default has type "None", argument has type "str")  [assignment]
Backend/Prod/sullivan/agent/tools.py:1212: note: PEP 484 prohibits implicit Optional. Accordingly, mypy has changed its default to no_implicit_optional=True
Backend/Prod/sullivan/agent/tools.py:1212: note: Use https://github.com/hauntsaninja/no_implicit_optional to automatically upgrade your codebase
Backend/Prod/sullivan/agent/tools.py:1226: error: Incompatible types in assignment (expression has type "Path", variable has type "str")  [assignment]
Backend/Prod/sullivan/agent/tools.py:1227: error: "str" has no attribute "exists"  [attr-defined]
Backend/Prod/sullivan/agent/tools.py:1228: error: Incompatible types in assignment (expression has type "Path", variable has type "str")  [assignment]
Backend/Prod/sullivan/agent/tools.py:1229: error: "str" has no attribute "exists"  [attr-defined]
Backend/Prod/sullivan/agent/tools.py:1237: error: "str" has no attribute "read_text"  [attr-defined]
Backend/Prod/sullivan/agent/tools.py:1247: error: Incompatible types in assignment (expression has type "ProdWorkflow", variable has type "ProtoWorkflow")  [assignment]
Backend/Prod/sullivan/agent/tools.py:1249: error: Unexpected keyword argument "plan" for "execute" of "ProtoWorkflow"  [call-arg]
Backend/Prod/workflows/proto.py:29: note: "execute" of "ProtoWorkflow" defined here
Backend/Prod/sullivan/agent/tools.py:1295: error: Incompatible types in assignment (expression has type "list[str]", target has type "dict[str, Any]")  [assignment]
Backend/Prod/sullivan/agent/tools.py:1303: error: Incompatible types in assignment (expression has type "list[str]", target has type "dict[str, Any]")  [assignment]
Backend/Prod/sullivan/agent/tools.py:1311: error: Incompatible types in assignment (expression has type "int", target has type "dict[str, Any]")  [assignment]
Backend/Prod/sullivan/agent/tools.py:1332: error: Incompatible default for argument "file_path" (default has type "None", argument has type "str")  [assignment]
Backend/Prod/sullivan/agent/tools.py:1332: note: PEP 484 prohibits implicit Optional. Accordingly, mypy has changed its default to no_implicit_optional=True
Backend/Prod/sullivan/agent/tools.py:1332: note: Use https://github.com/hauntsaninja/no_implicit_optional to automatically upgrade your codebase
Backend/Prod/sullivan/agent/tools.py:1653: error: Value of type "dict[Any, Any] | None" is not indexable  [index]
Backend/Prod/sullivan/agent/tools.py:1718: error: Incompatible default for argument "params" (default has type "None", argument has type "dict[Any, Any]")  [assignment]
Backend/Prod/sullivan/agent/tools.py:1718: note: PEP 484 prohibits implicit Optional. Accordingly, mypy has changed its default to no_implicit_optional=True
Backend/Prod/sullivan/agent/tools.py:1718: note: Use https://github.com/hauntsaninja/no_implicit_optional to automatically upgrade your codebase
Backend/Prod/sullivan/agent/tools.py:1811: error: Incompatible default for argument "endpoints" (default has type "None", argument has type "list[dict[Any, Any]]")  [assignment]
Backend/Prod/sullivan/agent/tools.py:1811: note: PEP 484 prohibits implicit Optional. Accordingly, mypy has changed its default to no_implicit_optional=True
Backend/Prod/sullivan/agent/tools.py:1811: note: Use https://github.com/hauntsaninja/no_implicit_optional to automatically upgrade your codebase
Backend/Prod/sullivan/agent/tools.py:1855: error: Need type annotation for "endpoint_info"  [var-annotated]
Backend/Prod/sullivan/agent/tools.py:1868: error: Item "str" of "list[Any] | str | None" has no attribute "append"  [union-attr]
Backend/Prod/sullivan/agent/tools.py:1868: error: Item "None" of "list[Any] | str | None" has no attribute "append"  [union-attr]
Backend/Prod/sullivan/agent/sullivan_agent.py:519: error: Incompatible types in assignment (expression has type "GenerationResult", variable has type "ToolResult")  [assignment]
Backend/Prod/sullivan/agent/sullivan_agent.py:521: error: "ToolResult" has no attribute "code"  [attr-defined]
Backend/Prod/sullivan/agent/sullivan_agent.py:522: error: "ToolResult" has no attribute "code"  [attr-defined]
Backend/Prod/api.py:35: error: Name "settings" already defined (possibly by an import)  [no-redef]
Backend/Prod/api.py:36: error: Name "Plan" already defined (possibly by an import)  [no-redef]
Backend/Prod/api.py:36: error: Name "PlanReader" already defined (possibly by an import)  [no-redef]
Backend/Prod/api.py:36: error: Name "PlanValidationError" already defined (possibly by an import)  [no-redef]
Backend/Prod/api.py:37: error: Name "ExecutionError" already defined (possibly by an import)  [no-redef]
Backend/Prod/api.py:37: error: Name "Orchestrator" already defined (possibly by an import)  [no-redef]
Backend/Prod/api.py:38: error: Name "agent_router" already defined (possibly by an import)  [no-redef]
Backend/Prod/api.py:39: error: Name "Component" already defined (possibly by an import)  [no-redef]
Backend/Prod/api.py:40: error: Name "ComponentRegistry" already defined (possibly by an import)  [no-redef]
Backend/Prod/api.py:41: error: Name "studio_router" already defined (possibly by an import)  [no-redef]
Backend/Prod/api.py:42: error: Name "ProdWorkflow" already defined (possibly by an import)  [no-redef]
Backend/Prod/api.py:43: error: Name "ProtoWorkflow" already defined (possibly by an import)  [no-redef]
Backend/Prod/api.py:182: error: Argument 1 to "Path" has incompatible type "str | None"; expected "str | PathLike[str]"  [arg-type]
Backend/Prod/api.py:214: error: Incompatible types in assignment (expression has type "ProdWorkflow", variable has type "ProtoWorkflow")  [assignment]
Backend/Prod/api.py:256: error: Incompatible return value type (got "tuple[Any, Any | None, Any, Any]", expected "tuple[Plan, dict[str, Any], dict[str, Any], bool]")  [return-value]
Backend/Prod/api.py:493: error: Item "None" of "datetime | None" has no attribute "isoformat"  [union-attr]
Backend/Prod/api.py:518: error: Need type annotation for "result"  [var-annotated]
Backend/Prod/core/genome_generator.py:281: error: Incompatible types in assignment (expression has type "logging.Logger", variable has type "loguru.Logger")  [assignment]
Backend/Prod/core/genome_generator.py:302: error: Need type annotation for "endpoint_groups" (hint: "endpoint_groups: dict[<type>, <type>] = ...")  [var-annotated]
Backend/Prod/core/genome_generator.py:413: error: Argument 1 to "Agent" has incompatible type "Sequence[object]"; expected "str"  [arg-type]
Backend/Prod/core/genome_generator.py:414: error: Incompatible return value type (got "None", expected "Agent")  [return-value]
Backend/Prod/core/genome_generator.py:507: error: Name "Task" already defined on line 391  [no-redef]
Backend/Prod/core/genome_generator.py:514: error: Name "Agent" already defined on line 398  [no-redef]
Backend/Prod/core/genome_generator.py:519: error: Name "AgentRouter" already defined on line 403  [no-redef]
Backend/Prod/core/genome_generator.py:529: error: Argument 1 to "Agent" has incompatible type "Sequence[object]"; expected "str"  [arg-type]
Backend/Prod/core/genome_generator.py:530: error: Incompatible return value type (got "None", expected "Agent")  [return-value]
Backend/Prod/core/genome_generator.py:533: error: Name "Orchestrator" already defined on line 438  [no-redef]
Backend/Prod/core/genome_generator.py:551: error: Name "Metrics" already defined on line 417  [no-redef]
Backend/Prod/cli.py:60: error: Incompatible default for argument "config" (default has type "type[TypewriterConfig]", argument has type "TypewriterConfig")  [assignment]
Found 305 errors in 56 files (checked 180 source files)
